2022-03-11 12:02:37.303  INFO 12544 --- [restartedMain] com.nnk.springboot.Application           : Starting Application using Java 1.8.0_302 on DESKTOP-6IH3S7H with PID 12544 (C:\Users\olvic\Documents\OCjava\projet 7\sts_workspace1\JavaDA_PROJECT7_RESTAPI-master\JavaDA_PROJECT7_RESTAPI-master\Poseiden-skeleton\target\classes started by olvic in C:\Users\olvic\Documents\OCjava\projet 7\sts_workspace1\JavaDA_PROJECT7_RESTAPI-master\JavaDA_PROJECT7_RESTAPI-master\Poseiden-skeleton)
2022-03-11 12:02:37.303  INFO 12532 --- [restartedMain] com.nnk.springboot.Application           : Starting Application using Java 1.8.0_302 on DESKTOP-6IH3S7H with PID 12532 (C:\Users\olvic\Documents\OCjava\projet 7\sts_workspace1\JavaDA_PROJECT7_RESTAPI-master\JavaDA_PROJECT7_RESTAPI-master\Poseiden-skeleton\target\classes started by olvic in C:\Users\olvic\Documents\OCjava\projet 7\sts_workspace1\JavaDA_PROJECT7_RESTAPI-master\JavaDA_PROJECT7_RESTAPI-master\Poseiden-skeleton)
2022-03-11 12:02:37.314  INFO 12544 --- [restartedMain] com.nnk.springboot.Application           : No active profile set, falling back to default profiles: default
2022-03-11 12:02:37.315  INFO 12532 --- [restartedMain] com.nnk.springboot.Application           : No active profile set, falling back to default profiles: default
2022-03-11 12:02:37.427  INFO 12544 --- [restartedMain] .e.DevToolsPropertyDefaultsPostProcessor : Devtools property defaults active! Set 'spring.devtools.add-properties' to 'false' to disable
2022-03-11 12:02:37.427  INFO 12544 --- [restartedMain] .e.DevToolsPropertyDefaultsPostProcessor : For additional web related logging consider setting the 'logging.level.web' property to 'DEBUG'
2022-03-11 12:02:37.428  INFO 12532 --- [restartedMain] .e.DevToolsPropertyDefaultsPostProcessor : Devtools property defaults active! Set 'spring.devtools.add-properties' to 'false' to disable
2022-03-11 12:02:37.428  INFO 12532 --- [restartedMain] .e.DevToolsPropertyDefaultsPostProcessor : For additional web related logging consider setting the 'logging.level.web' property to 'DEBUG'
2022-03-11 12:02:39.046  INFO 12532 --- [restartedMain] .s.d.r.c.RepositoryConfigurationDelegate : Bootstrapping Spring Data JPA repositories in DEFAULT mode.
2022-03-11 12:02:39.048  INFO 12544 --- [restartedMain] .s.d.r.c.RepositoryConfigurationDelegate : Bootstrapping Spring Data JPA repositories in DEFAULT mode.
2022-03-11 12:02:39.185  INFO 12532 --- [restartedMain] .s.d.r.c.RepositoryConfigurationDelegate : Finished Spring Data repository scanning in 122 ms. Found 6 JPA repository interfaces.
2022-03-11 12:02:39.196  INFO 12544 --- [restartedMain] .s.d.r.c.RepositoryConfigurationDelegate : Finished Spring Data repository scanning in 130 ms. Found 6 JPA repository interfaces.
2022-03-11 12:02:40.497  INFO 12532 --- [restartedMain] o.s.b.w.embedded.tomcat.TomcatWebServer  : Tomcat initialized with port(s): 8080 (http)
2022-03-11 12:02:40.501  INFO 12544 --- [restartedMain] o.s.b.w.embedded.tomcat.TomcatWebServer  : Tomcat initialized with port(s): 8080 (http)
2022-03-11 12:02:40.519  INFO 12532 --- [restartedMain] o.apache.catalina.core.StandardService   : Starting service [Tomcat]
2022-03-11 12:02:40.520  INFO 12532 --- [restartedMain] org.apache.catalina.core.StandardEngine  : Starting Servlet engine: [Apache Tomcat/9.0.56]
2022-03-11 12:02:40.521  INFO 12544 --- [restartedMain] o.apache.catalina.core.StandardService   : Starting service [Tomcat]
2022-03-11 12:02:40.522  INFO 12544 --- [restartedMain] org.apache.catalina.core.StandardEngine  : Starting Servlet engine: [Apache Tomcat/9.0.56]
2022-03-11 12:02:40.803  INFO 12532 --- [restartedMain] o.a.c.c.C.[Tomcat].[localhost].[/]       : Initializing Spring embedded WebApplicationContext
2022-03-11 12:02:40.804  INFO 12532 --- [restartedMain] w.s.c.ServletWebServerApplicationContext : Root WebApplicationContext: initialization completed in 3375 ms
2022-03-11 12:02:40.806  INFO 12544 --- [restartedMain] o.a.c.c.C.[Tomcat].[localhost].[/]       : Initializing Spring embedded WebApplicationContext
2022-03-11 12:02:40.806  INFO 12544 --- [restartedMain] w.s.c.ServletWebServerApplicationContext : Root WebApplicationContext: initialization completed in 3378 ms
2022-03-11 12:02:40.872  INFO 12544 --- [restartedMain] com.zaxxer.hikari.HikariDataSource       : HikariPool-1 - Starting...
2022-03-11 12:02:40.875  INFO 12532 --- [restartedMain] com.zaxxer.hikari.HikariDataSource       : HikariPool-1 - Starting...
2022-03-11 12:02:41.592  INFO 12544 --- [restartedMain] com.zaxxer.hikari.HikariDataSource       : HikariPool-1 - Start completed.
2022-03-11 12:02:41.596  INFO 12532 --- [restartedMain] com.zaxxer.hikari.HikariDataSource       : HikariPool-1 - Start completed.
2022-03-11 12:02:41.607  INFO 12544 --- [restartedMain] o.s.b.a.h2.H2ConsoleAutoConfiguration    : H2 console available at '/h2-console'. Database available at 'jdbc:mysql://localhost:3306/demo?serverTimezone=UTC'
2022-03-11 12:02:41.615  INFO 12532 --- [restartedMain] o.s.b.a.h2.H2ConsoleAutoConfiguration    : H2 console available at '/h2-console'. Database available at 'jdbc:mysql://localhost:3306/demo?serverTimezone=UTC'
2022-03-11 12:02:41.729  WARN 12544 --- [restartedMain] o.a.catalina.session.StandardManager     : Unable to delete [C:\Users\olvic\AppData\Local\Temp\45BC05B00F7401B56A227BF57B74B6AF5DA1FCFB\servlet-sessions\SESSIONS.ser] after reading the persisted sessions. The continued presence of this file may cause future attempts to persist sessions to fail.
2022-03-11 12:02:41.936  INFO 12532 --- [restartedMain] o.hibernate.jpa.internal.util.LogHelper  : HHH000204: Processing PersistenceUnitInfo [name: default]
2022-03-11 12:02:41.939  INFO 12544 --- [restartedMain] o.hibernate.jpa.internal.util.LogHelper  : HHH000204: Processing PersistenceUnitInfo [name: default]
2022-03-11 12:02:42.103  INFO 12544 --- [restartedMain] org.hibernate.Version                    : HHH000412: Hibernate ORM core version 5.6.4.Final
2022-03-11 12:02:42.103  INFO 12532 --- [restartedMain] org.hibernate.Version                    : HHH000412: Hibernate ORM core version 5.6.4.Final
2022-03-11 12:02:42.495  INFO 12532 --- [restartedMain] o.hibernate.annotations.common.Version   : HCANN000001: Hibernate Commons Annotations {5.1.2.Final}
2022-03-11 12:02:42.498  INFO 12544 --- [restartedMain] o.hibernate.annotations.common.Version   : HCANN000001: Hibernate Commons Annotations {5.1.2.Final}
2022-03-11 12:02:42.815  INFO 12532 --- [restartedMain] org.hibernate.dialect.Dialect            : HHH000400: Using dialect: org.hibernate.dialect.MySQL8Dialect
2022-03-11 12:02:42.816  INFO 12544 --- [restartedMain] org.hibernate.dialect.Dialect            : HHH000400: Using dialect: org.hibernate.dialect.MySQL8Dialect
2022-03-11 12:02:44.372  INFO 12532 --- [restartedMain] o.h.e.t.j.p.i.JtaPlatformInitiator       : HHH000490: Using JtaPlatform implementation: [org.hibernate.engine.transaction.jta.platform.internal.NoJtaPlatform]
2022-03-11 12:02:44.373  INFO 12544 --- [restartedMain] o.h.e.t.j.p.i.JtaPlatformInitiator       : HHH000490: Using JtaPlatform implementation: [org.hibernate.engine.transaction.jta.platform.internal.NoJtaPlatform]
2022-03-11 12:02:44.389  INFO 12532 --- [restartedMain] j.LocalContainerEntityManagerFactoryBean : Initialized JPA EntityManagerFactory for persistence unit 'default'
2022-03-11 12:02:44.394  INFO 12544 --- [restartedMain] j.LocalContainerEntityManagerFactoryBean : Initialized JPA EntityManagerFactory for persistence unit 'default'
2022-03-11 12:02:44.488  WARN 12544 --- [restartedMain] JpaBaseConfiguration$JpaWebConfiguration : spring.jpa.open-in-view is enabled by default. Therefore, database queries may be performed during view rendering. Explicitly configure spring.jpa.open-in-view to disable this warning
2022-03-11 12:02:44.492  WARN 12532 --- [restartedMain] JpaBaseConfiguration$JpaWebConfiguration : spring.jpa.open-in-view is enabled by default. Therefore, database queries may be performed during view rendering. Explicitly configure spring.jpa.open-in-view to disable this warning
2022-03-11 12:02:46.003  INFO 12544 --- [restartedMain] o.s.s.web.DefaultSecurityFilterChain     : Will secure any request with [org.springframework.security.web.context.request.async.WebAsyncManagerIntegrationFilter@39724602, org.springframework.security.web.context.SecurityContextPersistenceFilter@388c8b9f, org.springframework.security.web.header.HeaderWriterFilter@33f9eaab, org.springframework.security.web.csrf.CsrfFilter@57bc5e9, org.springframework.security.web.authentication.logout.LogoutFilter@4613ec69, org.springframework.security.web.authentication.UsernamePasswordAuthenticationFilter@1c5b6928, org.springframework.security.web.authentication.ui.DefaultLoginPageGeneratingFilter@2b0ff8a1, org.springframework.security.web.authentication.ui.DefaultLogoutPageGeneratingFilter@23e2c911, org.springframework.security.web.savedrequest.RequestCacheAwareFilter@b8d2b9e, org.springframework.security.web.servletapi.SecurityContextHolderAwareRequestFilter@120e02e4, org.springframework.security.web.authentication.AnonymousAuthenticationFilter@1418fe6d, org.springframework.security.web.session.SessionManagementFilter@cde5a65, org.springframework.security.web.access.ExceptionTranslationFilter@72b30654, org.springframework.security.web.access.intercept.FilterSecurityInterceptor@389589a3]
2022-03-11 12:02:46.010  INFO 12532 --- [restartedMain] o.s.s.web.DefaultSecurityFilterChain     : Will secure any request with [org.springframework.security.web.context.request.async.WebAsyncManagerIntegrationFilter@20f8ef7b, org.springframework.security.web.context.SecurityContextPersistenceFilter@668bb7f1, org.springframework.security.web.header.HeaderWriterFilter@51d553d9, org.springframework.security.web.csrf.CsrfFilter@6111d089, org.springframework.security.web.authentication.logout.LogoutFilter@1cc560a1, org.springframework.security.web.authentication.UsernamePasswordAuthenticationFilter@6ac896da, org.springframework.security.web.authentication.ui.DefaultLoginPageGeneratingFilter@5ea6b9f1, org.springframework.security.web.authentication.ui.DefaultLogoutPageGeneratingFilter@7e23e9b, org.springframework.security.web.savedrequest.RequestCacheAwareFilter@6421f84a, org.springframework.security.web.servletapi.SecurityContextHolderAwareRequestFilter@1d96559b, org.springframework.security.web.authentication.AnonymousAuthenticationFilter@557c7724, org.springframework.security.web.session.SessionManagementFilter@73a5cb5, org.springframework.security.web.access.ExceptionTranslationFilter@7e2eecd9, org.springframework.security.web.access.intercept.FilterSecurityInterceptor@6b2b8cf1]
2022-03-11 12:02:46.719  WARN 12544 --- [restartedMain] o.s.b.d.a.OptionalLiveReloadServer       : Unable to start LiveReload server
2022-03-11 12:02:46.719  INFO 12532 --- [restartedMain] o.s.b.d.a.OptionalLiveReloadServer       : LiveReload server is running on port 35729
2022-03-11 12:02:46.765  WARN 12544 --- [restartedMain] ConfigServletWebServerApplicationContext : Exception encountered during context initialization - cancelling refresh attempt: org.springframework.context.ApplicationContextException: Failed to start bean 'webServerStartStop'; nested exception is org.springframework.boot.web.server.PortInUseException: Port 8080 is already in use
2022-03-11 12:02:46.773  INFO 12544 --- [restartedMain] j.LocalContainerEntityManagerFactoryBean : Closing JPA EntityManagerFactory for persistence unit 'default'
2022-03-11 12:02:46.778  INFO 12544 --- [restartedMain] com.zaxxer.hikari.HikariDataSource       : HikariPool-1 - Shutdown initiated...
2022-03-11 12:02:46.792  INFO 12544 --- [restartedMain] com.zaxxer.hikari.HikariDataSource       : HikariPool-1 - Shutdown completed.
2022-03-11 12:02:46.795  INFO 12544 --- [restartedMain] o.apache.catalina.core.StandardService   : Stopping service [Tomcat]
2022-03-11 12:02:46.801  INFO 12532 --- [restartedMain] o.s.b.w.embedded.tomcat.TomcatWebServer  : Tomcat started on port(s): 8080 (http) with context path ''
2022-03-11 12:02:46.815  INFO 12532 --- [restartedMain] com.nnk.springboot.Application           : Started Application in 10.468 seconds (JVM running for 12.346)
2022-03-11 12:02:46.817  INFO 12544 --- [restartedMain] ConditionEvaluationReportLoggingListener : 

Error starting ApplicationContext. To display the conditions report re-run your application with 'debug' enabled.
2022-03-11 12:02:46.861 ERROR 12544 --- [restartedMain] o.s.b.d.LoggingFailureAnalysisReporter   : 

***************************
APPLICATION FAILED TO START
***************************

Description:

Web server failed to start. Port 8080 was already in use.

Action:

Identify and stop the process that's listening on port 8080 or configure this application to listen on another port.

2022-03-11 12:03:13.716  INFO 12532 --- [http-nio-8080-exec-1] o.a.c.c.C.[Tomcat].[localhost].[/]       : Initializing Spring DispatcherServlet 'dispatcherServlet'
2022-03-11 12:03:13.717  INFO 12532 --- [http-nio-8080-exec-1] o.s.web.servlet.DispatcherServlet        : Initializing Servlet 'dispatcherServlet'
2022-03-11 12:03:13.718  INFO 12532 --- [http-nio-8080-exec-1] o.s.web.servlet.DispatcherServlet        : Completed initialization in 1 ms
2022-03-11 12:04:07.790  INFO 12532 --- [http-nio-8080-exec-5] c.n.s.controllers.HomeController         : begin home
2022-03-11 12:04:07.791  INFO 12532 --- [http-nio-8080-exec-5] c.n.s.controllers.HomeController         : end home
2022-03-11 12:04:15.347  INFO 12532 --- [http-nio-8080-exec-8] c.n.s.controllers.CurvePointController   : begin home
2022-03-11 12:04:15.414  INFO 12532 --- [http-nio-8080-exec-8] c.n.s.controllers.CurvePointController   : end home
2022-03-11 12:11:48.641  INFO 12532 --- [Thread-7] j.LocalContainerEntityManagerFactoryBean : Closing JPA EntityManagerFactory for persistence unit 'default'
2022-03-11 12:11:48.647  INFO 12532 --- [Thread-7] com.zaxxer.hikari.HikariDataSource       : HikariPool-1 - Shutdown initiated...
2022-03-11 12:11:48.661  INFO 12532 --- [Thread-7] com.zaxxer.hikari.HikariDataSource       : HikariPool-1 - Shutdown completed.
2022-03-11 12:11:48.905  INFO 12532 --- [restartedMain] com.nnk.springboot.Application           : Starting Application using Java 1.8.0_302 on DESKTOP-6IH3S7H with PID 12532 (C:\Users\olvic\Documents\OCjava\projet 7\sts_workspace1\JavaDA_PROJECT7_RESTAPI-master\JavaDA_PROJECT7_RESTAPI-master\Poseiden-skeleton\target\classes started by olvic in C:\Users\olvic\Documents\OCjava\projet 7\sts_workspace1\JavaDA_PROJECT7_RESTAPI-master\JavaDA_PROJECT7_RESTAPI-master\Poseiden-skeleton)
2022-03-11 12:11:48.905  INFO 12532 --- [restartedMain] com.nnk.springboot.Application           : No active profile set, falling back to default profiles: default
2022-03-11 12:11:49.383  INFO 12532 --- [restartedMain] .s.d.r.c.RepositoryConfigurationDelegate : Bootstrapping Spring Data JPA repositories in DEFAULT mode.
2022-03-11 12:11:49.432  INFO 12532 --- [restartedMain] .s.d.r.c.RepositoryConfigurationDelegate : Finished Spring Data repository scanning in 48 ms. Found 6 JPA repository interfaces.
2022-03-11 12:11:49.724  INFO 12532 --- [restartedMain] o.s.b.w.embedded.tomcat.TomcatWebServer  : Tomcat initialized with port(s): 8080 (http)
2022-03-11 12:11:49.725  INFO 12532 --- [restartedMain] o.apache.catalina.core.StandardService   : Starting service [Tomcat]
2022-03-11 12:11:49.725  INFO 12532 --- [restartedMain] org.apache.catalina.core.StandardEngine  : Starting Servlet engine: [Apache Tomcat/9.0.56]
2022-03-11 12:11:49.753  INFO 12532 --- [restartedMain] o.a.c.c.C.[Tomcat].[localhost].[/]       : Initializing Spring embedded WebApplicationContext
2022-03-11 12:11:49.754  INFO 12532 --- [restartedMain] w.s.c.ServletWebServerApplicationContext : Root WebApplicationContext: initialization completed in 845 ms
2022-03-11 12:11:49.779  INFO 12532 --- [restartedMain] com.zaxxer.hikari.HikariDataSource       : HikariPool-2 - Starting...
2022-03-11 12:11:49.815  INFO 12532 --- [restartedMain] com.zaxxer.hikari.HikariDataSource       : HikariPool-2 - Start completed.
2022-03-11 12:11:49.815  INFO 12532 --- [restartedMain] o.s.b.a.h2.H2ConsoleAutoConfiguration    : H2 console available at '/h2-console'. Database available at 'jdbc:mysql://localhost:3306/demo?serverTimezone=UTC'
2022-03-11 12:11:49.864  INFO 12532 --- [restartedMain] o.hibernate.jpa.internal.util.LogHelper  : HHH000204: Processing PersistenceUnitInfo [name: default]
2022-03-11 12:11:49.873  INFO 12532 --- [restartedMain] org.hibernate.dialect.Dialect            : HHH000400: Using dialect: org.hibernate.dialect.MySQL8Dialect
2022-03-11 12:11:50.005  INFO 12532 --- [restartedMain] o.h.e.t.j.p.i.JtaPlatformInitiator       : HHH000490: Using JtaPlatform implementation: [org.hibernate.engine.transaction.jta.platform.internal.NoJtaPlatform]
2022-03-11 12:11:50.005  INFO 12532 --- [restartedMain] j.LocalContainerEntityManagerFactoryBean : Initialized JPA EntityManagerFactory for persistence unit 'default'
2022-03-11 12:11:50.043  WARN 12532 --- [restartedMain] JpaBaseConfiguration$JpaWebConfiguration : spring.jpa.open-in-view is enabled by default. Therefore, database queries may be performed during view rendering. Explicitly configure spring.jpa.open-in-view to disable this warning
2022-03-11 12:11:50.494  INFO 12532 --- [restartedMain] o.s.s.web.DefaultSecurityFilterChain     : Will secure any request with [org.springframework.security.web.context.request.async.WebAsyncManagerIntegrationFilter@21bb9ba5, org.springframework.security.web.context.SecurityContextPersistenceFilter@73fb447f, org.springframework.security.web.header.HeaderWriterFilter@283cfbce, org.springframework.security.web.csrf.CsrfFilter@2381d493, org.springframework.security.web.authentication.logout.LogoutFilter@79ab8049, org.springframework.security.web.authentication.UsernamePasswordAuthenticationFilter@67112543, org.springframework.security.web.authentication.ui.DefaultLoginPageGeneratingFilter@421621d, org.springframework.security.web.authentication.ui.DefaultLogoutPageGeneratingFilter@1413221a, org.springframework.security.web.savedrequest.RequestCacheAwareFilter@c8b0485, org.springframework.security.web.servletapi.SecurityContextHolderAwareRequestFilter@43a67c51, org.springframework.security.web.authentication.AnonymousAuthenticationFilter@21172d38, org.springframework.security.web.session.SessionManagementFilter@5e73266e, org.springframework.security.web.access.ExceptionTranslationFilter@7081f1d4, org.springframework.security.web.access.intercept.FilterSecurityInterceptor@3bd1cc0c]
2022-03-11 12:11:50.647  INFO 12532 --- [restartedMain] o.s.b.d.a.OptionalLiveReloadServer       : LiveReload server is running on port 35729
2022-03-11 12:11:50.664  INFO 12532 --- [restartedMain] o.s.b.w.embedded.tomcat.TomcatWebServer  : Tomcat started on port(s): 8080 (http) with context path ''
2022-03-11 12:11:50.669  INFO 12532 --- [restartedMain] com.nnk.springboot.Application           : Started Application in 1.816 seconds (JVM running for 556.201)
2022-03-11 12:11:50.672  INFO 12532 --- [restartedMain] .ConditionEvaluationDeltaLoggingListener : Condition evaluation unchanged
2022-03-11 12:11:50.723  INFO 12532 --- [http-nio-8080-exec-1] o.a.c.c.C.[Tomcat].[localhost].[/]       : Initializing Spring DispatcherServlet 'dispatcherServlet'
2022-03-11 12:11:50.724  INFO 12532 --- [http-nio-8080-exec-1] o.s.web.servlet.DispatcherServlet        : Initializing Servlet 'dispatcherServlet'
2022-03-11 12:11:50.726  INFO 12532 --- [http-nio-8080-exec-1] o.s.web.servlet.DispatcherServlet        : Completed initialization in 2 ms
2022-03-11 12:11:50.730  INFO 12532 --- [http-nio-8080-exec-1] c.n.s.controllers.CurvePointController   : begin home
2022-03-11 12:11:50.742  INFO 12532 --- [http-nio-8080-exec-1] c.n.s.controllers.CurvePointController   : end home
2022-03-11 12:11:55.456  INFO 12532 --- [Thread-9] j.LocalContainerEntityManagerFactoryBean : Closing JPA EntityManagerFactory for persistence unit 'default'
2022-03-11 12:11:55.457  INFO 12532 --- [Thread-9] com.zaxxer.hikari.HikariDataSource       : HikariPool-2 - Shutdown initiated...
2022-03-11 12:11:55.467  INFO 12532 --- [Thread-9] com.zaxxer.hikari.HikariDataSource       : HikariPool-2 - Shutdown completed.
2022-03-11 12:11:55.679  INFO 12532 --- [restartedMain] com.nnk.springboot.Application           : Starting Application using Java 1.8.0_302 on DESKTOP-6IH3S7H with PID 12532 (C:\Users\olvic\Documents\OCjava\projet 7\sts_workspace1\JavaDA_PROJECT7_RESTAPI-master\JavaDA_PROJECT7_RESTAPI-master\Poseiden-skeleton\target\classes started by olvic in C:\Users\olvic\Documents\OCjava\projet 7\sts_workspace1\JavaDA_PROJECT7_RESTAPI-master\JavaDA_PROJECT7_RESTAPI-master\Poseiden-skeleton)
2022-03-11 12:11:55.680  INFO 12532 --- [restartedMain] com.nnk.springboot.Application           : No active profile set, falling back to default profiles: default
2022-03-11 12:11:56.067  INFO 12532 --- [restartedMain] .s.d.r.c.RepositoryConfigurationDelegate : Bootstrapping Spring Data JPA repositories in DEFAULT mode.
2022-03-11 12:11:56.123  INFO 12532 --- [restartedMain] .s.d.r.c.RepositoryConfigurationDelegate : Finished Spring Data repository scanning in 55 ms. Found 6 JPA repository interfaces.
2022-03-11 12:11:56.380  INFO 12532 --- [restartedMain] o.s.b.w.embedded.tomcat.TomcatWebServer  : Tomcat initialized with port(s): 8080 (http)
2022-03-11 12:11:56.381  INFO 12532 --- [restartedMain] o.apache.catalina.core.StandardService   : Starting service [Tomcat]
2022-03-11 12:11:56.381  INFO 12532 --- [restartedMain] org.apache.catalina.core.StandardEngine  : Starting Servlet engine: [Apache Tomcat/9.0.56]
2022-03-11 12:11:56.404  INFO 12532 --- [restartedMain] o.a.c.c.C.[Tomcat].[localhost].[/]       : Initializing Spring embedded WebApplicationContext
2022-03-11 12:11:56.404  INFO 12532 --- [restartedMain] w.s.c.ServletWebServerApplicationContext : Root WebApplicationContext: initialization completed in 721 ms
2022-03-11 12:11:56.418  INFO 12532 --- [restartedMain] com.zaxxer.hikari.HikariDataSource       : HikariPool-3 - Starting...
2022-03-11 12:11:56.446  INFO 12532 --- [restartedMain] com.zaxxer.hikari.HikariDataSource       : HikariPool-3 - Start completed.
2022-03-11 12:11:56.447  INFO 12532 --- [restartedMain] o.s.b.a.h2.H2ConsoleAutoConfiguration    : H2 console available at '/h2-console'. Database available at 'jdbc:mysql://localhost:3306/demo?serverTimezone=UTC'
2022-03-11 12:11:56.481  INFO 12532 --- [restartedMain] o.hibernate.jpa.internal.util.LogHelper  : HHH000204: Processing PersistenceUnitInfo [name: default]
2022-03-11 12:11:56.488  INFO 12532 --- [restartedMain] org.hibernate.dialect.Dialect            : HHH000400: Using dialect: org.hibernate.dialect.MySQL8Dialect
2022-03-11 12:11:56.592  INFO 12532 --- [restartedMain] o.h.e.t.j.p.i.JtaPlatformInitiator       : HHH000490: Using JtaPlatform implementation: [org.hibernate.engine.transaction.jta.platform.internal.NoJtaPlatform]
2022-03-11 12:11:56.593  INFO 12532 --- [restartedMain] j.LocalContainerEntityManagerFactoryBean : Initialized JPA EntityManagerFactory for persistence unit 'default'
2022-03-11 12:11:56.623  WARN 12532 --- [restartedMain] JpaBaseConfiguration$JpaWebConfiguration : spring.jpa.open-in-view is enabled by default. Therefore, database queries may be performed during view rendering. Explicitly configure spring.jpa.open-in-view to disable this warning
2022-03-11 12:11:57.031  INFO 12532 --- [restartedMain] o.s.s.web.DefaultSecurityFilterChain     : Will secure any request with [org.springframework.security.web.context.request.async.WebAsyncManagerIntegrationFilter@28d7b7b3, org.springframework.security.web.context.SecurityContextPersistenceFilter@4eedf5d6, org.springframework.security.web.header.HeaderWriterFilter@184ddbbc, org.springframework.security.web.csrf.CsrfFilter@1f196728, org.springframework.security.web.authentication.logout.LogoutFilter@14e19a39, org.springframework.security.web.authentication.UsernamePasswordAuthenticationFilter@57395244, org.springframework.security.web.authentication.ui.DefaultLoginPageGeneratingFilter@63e45f85, org.springframework.security.web.authentication.ui.DefaultLogoutPageGeneratingFilter@24744d46, org.springframework.security.web.savedrequest.RequestCacheAwareFilter@4042de75, org.springframework.security.web.servletapi.SecurityContextHolderAwareRequestFilter@36a46dfa, org.springframework.security.web.authentication.AnonymousAuthenticationFilter@1fe380df, org.springframework.security.web.session.SessionManagementFilter@1a19e19a, org.springframework.security.web.access.ExceptionTranslationFilter@597aeb7d, org.springframework.security.web.access.intercept.FilterSecurityInterceptor@407f572]
2022-03-11 12:11:57.146  INFO 12532 --- [restartedMain] o.s.b.d.a.OptionalLiveReloadServer       : LiveReload server is running on port 35729
2022-03-11 12:11:57.159  INFO 12532 --- [restartedMain] o.s.b.w.embedded.tomcat.TomcatWebServer  : Tomcat started on port(s): 8080 (http) with context path ''
2022-03-11 12:11:57.163  INFO 12532 --- [restartedMain] com.nnk.springboot.Application           : Started Application in 1.526 seconds (JVM running for 562.695)
2022-03-11 12:11:57.165  INFO 12532 --- [restartedMain] .ConditionEvaluationDeltaLoggingListener : Condition evaluation unchanged
2022-03-11 12:11:58.077  INFO 12532 --- [http-nio-8080-exec-1] o.a.c.c.C.[Tomcat].[localhost].[/]       : Initializing Spring DispatcherServlet 'dispatcherServlet'
2022-03-11 12:11:58.078  INFO 12532 --- [http-nio-8080-exec-1] o.s.web.servlet.DispatcherServlet        : Initializing Servlet 'dispatcherServlet'
2022-03-11 12:11:58.080  INFO 12532 --- [http-nio-8080-exec-1] o.s.web.servlet.DispatcherServlet        : Completed initialization in 1 ms
2022-03-11 12:12:01.757  INFO 12532 --- [http-nio-8080-exec-2] c.n.s.controllers.CurvePointController   : begin home
2022-03-11 12:12:01.767  INFO 12532 --- [http-nio-8080-exec-2] c.n.s.controllers.CurvePointController   : end home
2022-03-11 12:12:10.187  INFO 12532 --- [http-nio-8080-exec-4] c.n.s.controllers.HomeController         : begin home
2022-03-11 12:12:10.188  INFO 12532 --- [http-nio-8080-exec-4] c.n.s.controllers.HomeController         : end home
2022-03-11 12:12:14.436  INFO 12532 --- [http-nio-8080-exec-6] c.n.s.controllers.CurvePointController   : begin home
2022-03-11 12:12:14.445  INFO 12532 --- [http-nio-8080-exec-6] c.n.s.controllers.CurvePointController   : end home
2022-03-11 12:13:12.117  INFO 12532 --- [RMI TCP Connection(14)-127.0.0.1] inMXBeanRegistrar$SpringApplicationAdmin : Application shutdown requested.
2022-03-11 12:13:12.348  INFO 12532 --- [RMI TCP Connection(14)-127.0.0.1] j.LocalContainerEntityManagerFactoryBean : Closing JPA EntityManagerFactory for persistence unit 'default'
2022-03-11 12:13:12.349  INFO 12532 --- [RMI TCP Connection(14)-127.0.0.1] com.zaxxer.hikari.HikariDataSource       : HikariPool-3 - Shutdown initiated...
2022-03-11 12:13:12.359  INFO 12532 --- [RMI TCP Connection(14)-127.0.0.1] com.zaxxer.hikari.HikariDataSource       : HikariPool-3 - Shutdown completed.
2022-03-11 12:13:23.970  INFO 11448 --- [restartedMain] com.nnk.springboot.Application           : Starting Application using Java 1.8.0_302 on DESKTOP-6IH3S7H with PID 11448 (C:\Users\olvic\Documents\OCjava\projet 7\sts_workspace1\JavaDA_PROJECT7_RESTAPI-master\JavaDA_PROJECT7_RESTAPI-master\Poseiden-skeleton\target\classes started by olvic in C:\Users\olvic\Documents\OCjava\projet 7\sts_workspace1\JavaDA_PROJECT7_RESTAPI-master\JavaDA_PROJECT7_RESTAPI-master\Poseiden-skeleton)
2022-03-11 12:13:23.972  INFO 11448 --- [restartedMain] com.nnk.springboot.Application           : No active profile set, falling back to default profiles: default
2022-03-11 12:13:24.028  INFO 11448 --- [restartedMain] .e.DevToolsPropertyDefaultsPostProcessor : Devtools property defaults active! Set 'spring.devtools.add-properties' to 'false' to disable
2022-03-11 12:13:24.029  INFO 11448 --- [restartedMain] .e.DevToolsPropertyDefaultsPostProcessor : For additional web related logging consider setting the 'logging.level.web' property to 'DEBUG'
2022-03-11 12:13:25.018  INFO 11448 --- [restartedMain] .s.d.r.c.RepositoryConfigurationDelegate : Bootstrapping Spring Data JPA repositories in DEFAULT mode.
2022-03-11 12:13:25.129  INFO 11448 --- [restartedMain] .s.d.r.c.RepositoryConfigurationDelegate : Finished Spring Data repository scanning in 97 ms. Found 6 JPA repository interfaces.
2022-03-11 12:13:25.918  INFO 11448 --- [restartedMain] o.s.b.w.embedded.tomcat.TomcatWebServer  : Tomcat initialized with port(s): 8080 (http)
2022-03-11 12:13:25.931  INFO 11448 --- [restartedMain] o.apache.catalina.core.StandardService   : Starting service [Tomcat]
2022-03-11 12:13:25.931  INFO 11448 --- [restartedMain] org.apache.catalina.core.StandardEngine  : Starting Servlet engine: [Apache Tomcat/9.0.56]
2022-03-11 12:13:26.159  INFO 11448 --- [restartedMain] o.a.c.c.C.[Tomcat].[localhost].[/]       : Initializing Spring embedded WebApplicationContext
2022-03-11 12:13:26.160  INFO 11448 --- [restartedMain] w.s.c.ServletWebServerApplicationContext : Root WebApplicationContext: initialization completed in 2131 ms
2022-03-11 12:13:26.203  INFO 11448 --- [restartedMain] com.zaxxer.hikari.HikariDataSource       : HikariPool-1 - Starting...
2022-03-11 12:13:26.609  INFO 11448 --- [restartedMain] com.zaxxer.hikari.HikariDataSource       : HikariPool-1 - Start completed.
2022-03-11 12:13:26.621  INFO 11448 --- [restartedMain] o.s.b.a.h2.H2ConsoleAutoConfiguration    : H2 console available at '/h2-console'. Database available at 'jdbc:mysql://localhost:3306/demo?serverTimezone=UTC'
2022-03-11 12:13:26.817  INFO 11448 --- [restartedMain] o.hibernate.jpa.internal.util.LogHelper  : HHH000204: Processing PersistenceUnitInfo [name: default]
2022-03-11 12:13:26.893  INFO 11448 --- [restartedMain] org.hibernate.Version                    : HHH000412: Hibernate ORM core version 5.6.4.Final
2022-03-11 12:13:27.121  INFO 11448 --- [restartedMain] o.hibernate.annotations.common.Version   : HCANN000001: Hibernate Commons Annotations {5.1.2.Final}
2022-03-11 12:13:27.305  INFO 11448 --- [restartedMain] org.hibernate.dialect.Dialect            : HHH000400: Using dialect: org.hibernate.dialect.MySQL8Dialect
2022-03-11 12:13:28.301  INFO 11448 --- [restartedMain] o.h.e.t.j.p.i.JtaPlatformInitiator       : HHH000490: Using JtaPlatform implementation: [org.hibernate.engine.transaction.jta.platform.internal.NoJtaPlatform]
2022-03-11 12:13:28.316  INFO 11448 --- [restartedMain] j.LocalContainerEntityManagerFactoryBean : Initialized JPA EntityManagerFactory for persistence unit 'default'
2022-03-11 12:13:28.391  WARN 11448 --- [restartedMain] JpaBaseConfiguration$JpaWebConfiguration : spring.jpa.open-in-view is enabled by default. Therefore, database queries may be performed during view rendering. Explicitly configure spring.jpa.open-in-view to disable this warning
2022-03-11 12:13:29.559  INFO 11448 --- [restartedMain] o.s.s.web.DefaultSecurityFilterChain     : Will secure any request with [org.springframework.security.web.context.request.async.WebAsyncManagerIntegrationFilter@41948666, org.springframework.security.web.context.SecurityContextPersistenceFilter@66698a0a, org.springframework.security.web.header.HeaderWriterFilter@45843e76, org.springframework.security.web.csrf.CsrfFilter@593aa314, org.springframework.security.web.authentication.logout.LogoutFilter@57a55383, org.springframework.security.web.authentication.UsernamePasswordAuthenticationFilter@6379b1d4, org.springframework.security.web.authentication.ui.DefaultLoginPageGeneratingFilter@6484e529, org.springframework.security.web.authentication.ui.DefaultLogoutPageGeneratingFilter@22fc869a, org.springframework.security.web.savedrequest.RequestCacheAwareFilter@6320a0c1, org.springframework.security.web.servletapi.SecurityContextHolderAwareRequestFilter@510e3f5c, org.springframework.security.web.authentication.AnonymousAuthenticationFilter@1ca8e5d9, org.springframework.security.web.session.SessionManagementFilter@3a23fd75, org.springframework.security.web.access.ExceptionTranslationFilter@4cf0b40e, org.springframework.security.web.access.intercept.FilterSecurityInterceptor@2b061571]
2022-03-11 12:13:30.074  INFO 11448 --- [restartedMain] o.s.b.d.a.OptionalLiveReloadServer       : LiveReload server is running on port 35729
2022-03-11 12:13:30.128  INFO 11448 --- [restartedMain] o.s.b.w.embedded.tomcat.TomcatWebServer  : Tomcat started on port(s): 8080 (http) with context path ''
2022-03-11 12:13:30.140  INFO 11448 --- [restartedMain] com.nnk.springboot.Application           : Started Application in 6.636 seconds (JVM running for 7.75)
2022-03-11 12:14:31.441  INFO 11448 --- [http-nio-8080-exec-1] o.a.c.c.C.[Tomcat].[localhost].[/]       : Initializing Spring DispatcherServlet 'dispatcherServlet'
2022-03-11 12:14:31.442  INFO 11448 --- [http-nio-8080-exec-1] o.s.web.servlet.DispatcherServlet        : Initializing Servlet 'dispatcherServlet'
2022-03-11 12:14:31.445  INFO 11448 --- [http-nio-8080-exec-1] o.s.web.servlet.DispatcherServlet        : Completed initialization in 3 ms
2022-03-11 12:14:31.501  INFO 11448 --- [http-nio-8080-exec-1] c.n.s.controllers.HomeController         : begin home
2022-03-11 12:14:31.502  INFO 11448 --- [http-nio-8080-exec-1] c.n.s.controllers.HomeController         : end home
2022-03-11 12:18:30.654  INFO 11448 --- [http-nio-8080-exec-4] c.n.s.controllers.HomeController         : begin home
2022-03-11 12:18:30.654  INFO 11448 --- [http-nio-8080-exec-4] c.n.s.controllers.HomeController         : end home
2022-03-11 12:19:39.322  INFO 11448 --- [http-nio-8080-exec-6] c.n.s.controllers.HomeController         : begin home
2022-03-11 12:19:39.333  INFO 11448 --- [http-nio-8080-exec-6] c.n.s.controllers.HomeController         : end home
2022-03-11 12:20:24.664  INFO 11448 --- [http-nio-8080-exec-8] c.n.s.controllers.HomeController         : begin home
2022-03-11 12:20:24.670  INFO 11448 --- [http-nio-8080-exec-8] c.n.s.controllers.HomeController         : end home
2022-03-11 12:21:00.622  INFO 11448 --- [http-nio-8080-exec-10] c.n.s.controllers.HomeController         : begin home
2022-03-11 12:21:00.622  INFO 11448 --- [http-nio-8080-exec-10] c.n.s.controllers.HomeController         : end home
2022-03-11 14:38:31.860  WARN 11448 --- [HikariPool-1 housekeeper] com.zaxxer.hikari.pool.HikariPool        : HikariPool-1 - Thread starvation or clock leap detected (housekeeper delta=1h29m34s183ms760µs900ns).
2022-03-11 14:41:01.192  INFO 11448 --- [http-nio-8080-exec-4] c.n.s.controllers.HomeController         : begin home
2022-03-11 14:41:01.192  INFO 11448 --- [http-nio-8080-exec-4] c.n.s.controllers.HomeController         : end home
2022-03-11 14:41:17.906  INFO 11448 --- [http-nio-8080-exec-7] c.n.s.controllers.HomeController         : begin home
2022-03-11 14:41:17.907  INFO 11448 --- [http-nio-8080-exec-7] c.n.s.controllers.HomeController         : end home
2022-03-11 14:41:24.594  INFO 11448 --- [RMI TCP Connection(70)-127.0.0.1] inMXBeanRegistrar$SpringApplicationAdmin : Application shutdown requested.
2022-03-11 14:41:24.843  INFO 11448 --- [RMI TCP Connection(70)-127.0.0.1] j.LocalContainerEntityManagerFactoryBean : Closing JPA EntityManagerFactory for persistence unit 'default'
2022-03-11 14:41:24.849  INFO 11448 --- [RMI TCP Connection(70)-127.0.0.1] com.zaxxer.hikari.HikariDataSource       : HikariPool-1 - Shutdown initiated...
2022-03-11 14:41:24.861  INFO 11448 --- [RMI TCP Connection(70)-127.0.0.1] com.zaxxer.hikari.HikariDataSource       : HikariPool-1 - Shutdown completed.
2022-03-11 14:41:31.149  INFO 15972 --- [restartedMain] com.nnk.springboot.Application           : Starting Application using Java 1.8.0_302 on DESKTOP-6IH3S7H with PID 15972 (C:\Users\olvic\Documents\OCjava\projet 7\sts_workspace1\JavaDA_PROJECT7_RESTAPI-master\JavaDA_PROJECT7_RESTAPI-master\Poseiden-skeleton\target\classes started by olvic in C:\Users\olvic\Documents\OCjava\projet 7\sts_workspace1\JavaDA_PROJECT7_RESTAPI-master\JavaDA_PROJECT7_RESTAPI-master\Poseiden-skeleton)
2022-03-11 14:41:31.151  INFO 15972 --- [restartedMain] com.nnk.springboot.Application           : No active profile set, falling back to default profiles: default
2022-03-11 14:41:31.204  INFO 15972 --- [restartedMain] .e.DevToolsPropertyDefaultsPostProcessor : Devtools property defaults active! Set 'spring.devtools.add-properties' to 'false' to disable
2022-03-11 14:41:31.205  INFO 15972 --- [restartedMain] .e.DevToolsPropertyDefaultsPostProcessor : For additional web related logging consider setting the 'logging.level.web' property to 'DEBUG'
2022-03-11 14:41:32.193  INFO 15972 --- [restartedMain] .s.d.r.c.RepositoryConfigurationDelegate : Bootstrapping Spring Data JPA repositories in DEFAULT mode.
2022-03-11 14:41:32.289  INFO 15972 --- [restartedMain] .s.d.r.c.RepositoryConfigurationDelegate : Finished Spring Data repository scanning in 84 ms. Found 6 JPA repository interfaces.
2022-03-11 14:41:33.079  INFO 15972 --- [restartedMain] o.s.b.w.embedded.tomcat.TomcatWebServer  : Tomcat initialized with port(s): 8080 (http)
2022-03-11 14:41:33.091  INFO 15972 --- [restartedMain] o.apache.catalina.core.StandardService   : Starting service [Tomcat]
2022-03-11 14:41:33.092  INFO 15972 --- [restartedMain] org.apache.catalina.core.StandardEngine  : Starting Servlet engine: [Apache Tomcat/9.0.56]
2022-03-11 14:41:33.303  INFO 15972 --- [restartedMain] o.a.c.c.C.[Tomcat].[localhost].[/]       : Initializing Spring embedded WebApplicationContext
2022-03-11 14:41:33.304  INFO 15972 --- [restartedMain] w.s.c.ServletWebServerApplicationContext : Root WebApplicationContext: initialization completed in 2098 ms
2022-03-11 14:41:33.344  INFO 15972 --- [restartedMain] com.zaxxer.hikari.HikariDataSource       : HikariPool-1 - Starting...
2022-03-11 14:41:33.756  INFO 15972 --- [restartedMain] com.zaxxer.hikari.HikariDataSource       : HikariPool-1 - Start completed.
2022-03-11 14:41:33.768  INFO 15972 --- [restartedMain] o.s.b.a.h2.H2ConsoleAutoConfiguration    : H2 console available at '/h2-console'. Database available at 'jdbc:mysql://localhost:3306/demo?serverTimezone=UTC'
2022-03-11 14:41:33.986  INFO 15972 --- [restartedMain] o.hibernate.jpa.internal.util.LogHelper  : HHH000204: Processing PersistenceUnitInfo [name: default]
2022-03-11 14:41:34.077  INFO 15972 --- [restartedMain] org.hibernate.Version                    : HHH000412: Hibernate ORM core version 5.6.4.Final
2022-03-11 14:41:34.312  INFO 15972 --- [restartedMain] o.hibernate.annotations.common.Version   : HCANN000001: Hibernate Commons Annotations {5.1.2.Final}
2022-03-11 14:41:34.520  INFO 15972 --- [restartedMain] org.hibernate.dialect.Dialect            : HHH000400: Using dialect: org.hibernate.dialect.MySQL8Dialect
2022-03-11 14:41:35.541  INFO 15972 --- [restartedMain] o.h.e.t.j.p.i.JtaPlatformInitiator       : HHH000490: Using JtaPlatform implementation: [org.hibernate.engine.transaction.jta.platform.internal.NoJtaPlatform]
2022-03-11 14:41:35.555  INFO 15972 --- [restartedMain] j.LocalContainerEntityManagerFactoryBean : Initialized JPA EntityManagerFactory for persistence unit 'default'
2022-03-11 14:41:35.629  WARN 15972 --- [restartedMain] JpaBaseConfiguration$JpaWebConfiguration : spring.jpa.open-in-view is enabled by default. Therefore, database queries may be performed during view rendering. Explicitly configure spring.jpa.open-in-view to disable this warning
2022-03-11 14:41:36.775  INFO 15972 --- [restartedMain] o.s.s.web.DefaultSecurityFilterChain     : Will secure any request with [org.springframework.security.web.context.request.async.WebAsyncManagerIntegrationFilter@57ce38e0, org.springframework.security.web.context.SecurityContextPersistenceFilter@17b686f0, org.springframework.security.web.header.HeaderWriterFilter@74bcfc47, org.springframework.security.web.csrf.CsrfFilter@43952acc, org.springframework.security.web.authentication.logout.LogoutFilter@31558ec5, org.springframework.security.web.authentication.UsernamePasswordAuthenticationFilter@511c7a8a, org.springframework.security.web.authentication.ui.DefaultLoginPageGeneratingFilter@43accef7, org.springframework.security.web.authentication.ui.DefaultLogoutPageGeneratingFilter@4c8592ad, org.springframework.security.web.savedrequest.RequestCacheAwareFilter@71ec1b91, org.springframework.security.web.servletapi.SecurityContextHolderAwareRequestFilter@742bed77, org.springframework.security.web.authentication.AnonymousAuthenticationFilter@6e9b4358, org.springframework.security.web.session.SessionManagementFilter@4dd8a9cf, org.springframework.security.web.access.ExceptionTranslationFilter@584675a, org.springframework.security.web.access.intercept.FilterSecurityInterceptor@167fdd62]
2022-03-11 14:41:37.298  INFO 15972 --- [restartedMain] o.s.b.d.a.OptionalLiveReloadServer       : LiveReload server is running on port 35729
2022-03-11 14:41:37.347  INFO 15972 --- [restartedMain] o.s.b.w.embedded.tomcat.TomcatWebServer  : Tomcat started on port(s): 8080 (http) with context path ''
2022-03-11 14:41:37.359  INFO 15972 --- [restartedMain] com.nnk.springboot.Application           : Started Application in 6.685 seconds (JVM running for 7.799)
2022-03-11 14:41:53.507  INFO 15972 --- [http-nio-8080-exec-1] o.a.c.c.C.[Tomcat].[localhost].[/]       : Initializing Spring DispatcherServlet 'dispatcherServlet'
2022-03-11 14:41:53.507  INFO 15972 --- [http-nio-8080-exec-1] o.s.web.servlet.DispatcherServlet        : Initializing Servlet 'dispatcherServlet'
2022-03-11 14:41:53.510  INFO 15972 --- [http-nio-8080-exec-1] o.s.web.servlet.DispatcherServlet        : Completed initialization in 3 ms
2022-03-11 14:41:53.571  INFO 15972 --- [http-nio-8080-exec-1] c.n.s.controllers.HomeController         : begin home
2022-03-11 14:41:53.571  INFO 15972 --- [http-nio-8080-exec-1] c.n.s.controllers.HomeController         : end home
2022-03-11 14:45:45.455  INFO 15972 --- [http-nio-8080-exec-4] c.n.s.controllers.HomeController         : begin home
2022-03-11 14:45:45.456  INFO 15972 --- [http-nio-8080-exec-4] c.n.s.controllers.HomeController         : end home
2022-03-11 14:50:57.965  INFO 15972 --- [Thread-7] j.LocalContainerEntityManagerFactoryBean : Closing JPA EntityManagerFactory for persistence unit 'default'
2022-03-11 14:50:57.970  INFO 15972 --- [Thread-7] com.zaxxer.hikari.HikariDataSource       : HikariPool-1 - Shutdown initiated...
2022-03-11 14:50:57.977  INFO 15972 --- [Thread-7] com.zaxxer.hikari.HikariDataSource       : HikariPool-1 - Shutdown completed.
2022-03-11 14:50:58.194  INFO 15972 --- [restartedMain] com.nnk.springboot.Application           : Starting Application using Java 1.8.0_302 on DESKTOP-6IH3S7H with PID 15972 (C:\Users\olvic\Documents\OCjava\projet 7\sts_workspace1\JavaDA_PROJECT7_RESTAPI-master\JavaDA_PROJECT7_RESTAPI-master\Poseiden-skeleton\target\classes started by olvic in C:\Users\olvic\Documents\OCjava\projet 7\sts_workspace1\JavaDA_PROJECT7_RESTAPI-master\JavaDA_PROJECT7_RESTAPI-master\Poseiden-skeleton)
2022-03-11 14:50:58.194  INFO 15972 --- [restartedMain] com.nnk.springboot.Application           : No active profile set, falling back to default profiles: default
2022-03-11 14:50:58.545  INFO 15972 --- [restartedMain] .s.d.r.c.RepositoryConfigurationDelegate : Bootstrapping Spring Data JPA repositories in DEFAULT mode.
2022-03-11 14:50:58.583  INFO 15972 --- [restartedMain] .s.d.r.c.RepositoryConfigurationDelegate : Finished Spring Data repository scanning in 37 ms. Found 6 JPA repository interfaces.
2022-03-11 14:50:58.839  INFO 15972 --- [restartedMain] o.s.b.w.embedded.tomcat.TomcatWebServer  : Tomcat initialized with port(s): 8080 (http)
2022-03-11 14:50:58.839  INFO 15972 --- [restartedMain] o.apache.catalina.core.StandardService   : Starting service [Tomcat]
2022-03-11 14:50:58.840  INFO 15972 --- [restartedMain] org.apache.catalina.core.StandardEngine  : Starting Servlet engine: [Apache Tomcat/9.0.56]
2022-03-11 14:50:58.866  INFO 15972 --- [restartedMain] o.a.c.c.C.[Tomcat].[localhost].[/]       : Initializing Spring embedded WebApplicationContext
2022-03-11 14:50:58.867  INFO 15972 --- [restartedMain] w.s.c.ServletWebServerApplicationContext : Root WebApplicationContext: initialization completed in 670 ms
2022-03-11 14:50:58.881  INFO 15972 --- [restartedMain] com.zaxxer.hikari.HikariDataSource       : HikariPool-2 - Starting...
2022-03-11 14:50:58.913  INFO 15972 --- [restartedMain] com.zaxxer.hikari.HikariDataSource       : HikariPool-2 - Start completed.
2022-03-11 14:50:58.913  INFO 15972 --- [restartedMain] o.s.b.a.h2.H2ConsoleAutoConfiguration    : H2 console available at '/h2-console'. Database available at 'jdbc:mysql://localhost:3306/demo?serverTimezone=UTC'
2022-03-11 14:50:58.957  INFO 15972 --- [restartedMain] o.hibernate.jpa.internal.util.LogHelper  : HHH000204: Processing PersistenceUnitInfo [name: default]
2022-03-11 14:50:58.964  INFO 15972 --- [restartedMain] org.hibernate.dialect.Dialect            : HHH000400: Using dialect: org.hibernate.dialect.MySQL8Dialect
2022-03-11 14:50:59.086  INFO 15972 --- [restartedMain] o.h.e.t.j.p.i.JtaPlatformInitiator       : HHH000490: Using JtaPlatform implementation: [org.hibernate.engine.transaction.jta.platform.internal.NoJtaPlatform]
2022-03-11 14:50:59.087  INFO 15972 --- [restartedMain] j.LocalContainerEntityManagerFactoryBean : Initialized JPA EntityManagerFactory for persistence unit 'default'
2022-03-11 14:50:59.122  WARN 15972 --- [restartedMain] JpaBaseConfiguration$JpaWebConfiguration : spring.jpa.open-in-view is enabled by default. Therefore, database queries may be performed during view rendering. Explicitly configure spring.jpa.open-in-view to disable this warning
2022-03-11 14:50:59.514  INFO 15972 --- [restartedMain] o.s.s.web.DefaultSecurityFilterChain     : Will secure any request with [org.springframework.security.web.context.request.async.WebAsyncManagerIntegrationFilter@14395e6d, org.springframework.security.web.context.SecurityContextPersistenceFilter@482a52fd, org.springframework.security.web.header.HeaderWriterFilter@4fe4d6ed, org.springframework.security.web.csrf.CsrfFilter@72c16cfd, org.springframework.security.web.authentication.logout.LogoutFilter@3a267209, org.springframework.security.web.authentication.UsernamePasswordAuthenticationFilter@5c51198e, org.springframework.security.web.authentication.ui.DefaultLoginPageGeneratingFilter@134a7cb9, org.springframework.security.web.authentication.ui.DefaultLogoutPageGeneratingFilter@72f04072, org.springframework.security.web.savedrequest.RequestCacheAwareFilter@60aa6a51, org.springframework.security.web.servletapi.SecurityContextHolderAwareRequestFilter@9109b17, org.springframework.security.web.authentication.AnonymousAuthenticationFilter@71f46d9f, org.springframework.security.web.session.SessionManagementFilter@317576aa, org.springframework.security.web.access.ExceptionTranslationFilter@24e18920, org.springframework.security.web.access.intercept.FilterSecurityInterceptor@3b671c17]
2022-03-11 14:50:59.649  INFO 15972 --- [restartedMain] o.s.b.d.a.OptionalLiveReloadServer       : LiveReload server is running on port 35729
2022-03-11 14:50:59.665  INFO 15972 --- [restartedMain] o.s.b.w.embedded.tomcat.TomcatWebServer  : Tomcat started on port(s): 8080 (http) with context path ''
2022-03-11 14:50:59.673  INFO 15972 --- [restartedMain] com.nnk.springboot.Application           : Started Application in 1.519 seconds (JVM running for 570.114)
2022-03-11 14:50:59.677  INFO 15972 --- [restartedMain] .ConditionEvaluationDeltaLoggingListener : Condition evaluation unchanged
2022-03-11 14:55:02.788  INFO 15972 --- [RMI TCP Connection(26)-127.0.0.1] inMXBeanRegistrar$SpringApplicationAdmin : Application shutdown requested.
2022-03-11 14:55:03.004  INFO 15972 --- [RMI TCP Connection(26)-127.0.0.1] j.LocalContainerEntityManagerFactoryBean : Closing JPA EntityManagerFactory for persistence unit 'default'
2022-03-11 14:55:03.005  INFO 15972 --- [RMI TCP Connection(26)-127.0.0.1] com.zaxxer.hikari.HikariDataSource       : HikariPool-2 - Shutdown initiated...
2022-03-11 14:55:03.009  INFO 15972 --- [RMI TCP Connection(26)-127.0.0.1] com.zaxxer.hikari.HikariDataSource       : HikariPool-2 - Shutdown completed.
